2023-08-06T14:29:20+00:00 CRITICAL Uncaught Error: Failed opening required 'C:\xampp\htdocs\media\wp-content\plugins\addons-for-elementor/includes/base/widget-base.php' (include_path='C:\xampp\php\PEAR') in C:\xampp\htdocs\media\wp-content\plugins\addons-for-elementor\plugin.php:508
Stack trace:
#0 C:\xampp\htdocs\media\wp-includes\class-wp-hook.php(308): LivemeshAddons\Livemesh_Elementor_Addons->register_widgets(Object(Elementor\Widgets_Manager))
#1 C:\xampp\htdocs\media\wp-includes\class-wp-hook.php(332): WP_Hook->apply_filters(NULL, Array)
#2 C:\xampp\htdocs\media\wp-includes\plugin.php(517): WP_Hook->do_action(Array)
#3 C:\xampp\htdocs\media\wp-content\plugins\elementor\includes\managers\widgets.php(138): do_action('elementor/widge...', Object(Elementor\Widgets_Manager))
#4 C:\xampp\htdocs\media\wp-content\plugins\elementor\includes\managers\widgets.php(328): Elementor\Widgets_Manager->init_widgets()
#5 C:\xampp\htdocs\media\wp-content\plugins\elementor\includes\elements\column.php(1071): Elementor\Widgets_Manager->get_widget_types('heading')
#6 C:\xampp\htdocs\media\wp-content\plugins\elementor\includes\base\element-base.php(1420): Elementor\Element_Column->_get_default_child_type(Array)
#7 C:\xampp\htdocs\media\wp-content\plugins\elementor\includes\base\element-base.php(340): Elementor\Element_Base->get_child_type(Array)
#8 C:\xampp\htdocs\media\wp-content\plugins\elementor\includes\base\element-base.php(1465): Elementor\Element_Base->add_child(Array)
#9 C:\xampp\htdocs\media\wp-content\plugins\elementor\includes\base\element-base.php(300): Elementor\Element_Base->init_children()
#10 C:\xampp\htdocs\media\wp-content\plugins\elementor\core\dynamic-tags\dynamic-css.php(35): Elementor\Element_Base->get_children()
#11 C:\xampp\htdocs\media\wp-content\plugins\elementor\core\dynamic-tags\dynamic-css.php(36): Elementor\Core\DynamicTags\Dynamic_CSS->render_styles(Object(Elementor\Element_Column))
#12 C:\xampp\htdocs\media\wp-content\plugins\elementor\core\files\css\post.php(178): Elementor\Core\DynamicTags\Dynamic_CSS->render_styles(Object(Elementor\Element_Section))
#13 C:\xampp\htdocs\media\wp-content\plugins\elementor\core\files\css\base.php(675): Elementor\Core\Files\CSS\Post->render_css()
#14 C:\xampp\htdocs\media\wp-content\plugins\elementor\core\files\base.php(180): Elementor\Core\Files\CSS\Base->parse_content()
#15 C:\xampp\htdocs\media\wp-content\plugins\elementor\core\files\css\base.php(144): Elementor\Core\Files\Base->update_file()
#16 C:\xampp\htdocs\media\wp-content\plugins\elementor\core\files\css\base.php(231): Elementor\Core\Files\CSS\Base->update()
#17 C:\xampp\htdocs\media\wp-content\plugins\elementor\core\files\css\post.php(201): Elementor\Core\Files\CSS\Base->enqueue()
#18 C:\xampp\htdocs\media\wp-content\plugins\elementor\core\dynamic-tags\manager.php(488): Elementor\Core\Files\CSS\Post->enqueue()
#19 C:\xampp\htdocs\media\wp-includes\class-wp-hook.php(308): Elementor\Core\DynamicTags\Manager->after_enqueue_post_css(Object(Elementor\Core\DynamicTags\Dynamic_CSS))
#20 C:\xampp\htdocs\media\wp-includes\class-wp-hook.php(332): WP_Hook->apply_filters('', Array)
#21 C:\xampp\htdocs\media\wp-includes\plugin.php(517): WP_Hook->do_action(Array)
#22 C:\xampp\htdocs\media\wp-content\plugins\elementor\core\files\css\base.php(278): do_action('elementor/css-f...', Object(Elementor\Core\Files\CSS\Post))
#23 C:\xampp\htdocs\media\wp-content\plugins\elementor\core\files\css\post.php(201): Elementor\Core\Files\CSS\Base->enqueue()
#24 C:\xampp\htdocs\media\wp-content\plugins\elementor\includes\frontend.php(676): Elementor\Core\Files\CSS\Post->enqueue()
#25 C:\xampp\htdocs\media\wp-includes\class-wp-hook.php(308): Elementor\Frontend->enqueue_styles('')
#26 C:\xampp\htdocs\media\wp-includes\class-wp-hook.php(332): WP_Hook->apply_filters(NULL, Array)
#27 C:\xampp\htdocs\media\wp-includes\plugin.php(517): WP_Hook->do_action(Array)
#28 C:\xampp\htdocs\media\wp-includes\script-loader.php(2180): do_action('wp_enqueue_scri...')
#29 C:\xampp\htdocs\media\wp-includes\class-wp-hook.php(308): wp_enqueue_scripts('')
#30 C:\xampp\htdocs\media\wp-includes\class-wp-hook.php(332): WP_Hook->apply_filters(NULL, Array)
#31 C:\xampp\htdocs\media\wp-includes\plugin.php(517): WP_Hook->do_action(Array)
#32 C:\xampp\htdocs\media\wp-includes\general-template.php(3043): do_action('wp_head')
#33 C:\xampp\htdocs\media\wp-content\themes\oceanwp\header.php(15): wp_head()
#34 C:\xampp\htdocs\media\wp-includes\template.php(783): require_once('C:\\xampp\\htdocs...')
#35 C:\xampp\htdocs\media\wp-includes\template.php(718): load_template('C:\\xampp\\htdocs...', true, Array)
#36 C:\xampp\htdocs\media\wp-includes\general-template.php(48): locate_template(Array, true, true, Array)
#37 C:\xampp\htdocs\media\wp-content\themes\oceanwp\page.php(12): get_header()
#38 C:\xampp\htdocs\media\wp-includes\template-loader.php(106): include('C:\\xampp\\htdocs...')
#39 C:\xampp\htdocs\media\wp-blog-header.php(19): require_once('C:\\xampp\\htdocs...')
#40 C:\xampp\htdocs\media\index.php(17): require('C:\\xampp\\htdocs...')
#41 {main}
  thrown in C:\xampp\htdocs\media\wp-content\plugins\addons-for-elementor\plugin.php on line 508

